2024-04-19 12:20:24.459 [info] Using settings sync service https://vscode-sync.trafficmanager.net/
2024-04-19 12:20:24.459 [info] Auto Sync is enabled.
2024-04-19 12:20:24.459 [info] Auto Sync: Suspended until auth token is available.
2024-04-19 12:20:24.652 [info] Deleting non existing profile from backup /home/kemer/.config/Code/User/sync/extensions
2024-04-19 12:20:24.864 [info] Auto Sync: Triggered by Interval
2024-04-19 12:20:24.864 [info] Sync started.
2024-04-19 12:20:24.870 [info] Deleting non existing profile from backup /home/kemer/.config/Code/User/sync/globalState
2024-04-19 12:20:25.070 [info] Deleting non existing profile from backup /home/kemer/.config/Code/User/sync/keybindings
2024-04-19 12:20:25.156 [info] Deleting non existing profile from backup /home/kemer/.config/Code/User/sync/profiles
2024-04-19 12:20:25.187 [info] Deleting non existing profile from backup /home/kemer/.config/Code/User/sync/settings
2024-04-19 12:20:25.206 [info] Deleting non existing profile from backup /home/kemer/.config/Code/User/sync/snippets
2024-04-19 12:20:25.207 [info] Deleting non existing profile from backup /home/kemer/.config/Code/User/sync/tasks
2024-04-19 12:20:25.253 [info] Settings: Last sync resource does not exist locally.
2024-04-19 12:20:25.436 [info] Settings: No changes found during synchronizing settings.
2024-04-19 12:20:25.465 [info] Keybindings: Last sync resource does not exist locally.
2024-04-19 12:20:25.609 [info] Keybindings: No changes found during synchronizing keybindings.
2024-04-19 12:20:25.610 [info] Snippets: Last sync resource does not exist locally.
2024-04-19 12:20:25.695 [info] Snippets: No changes found during synchronizing snippets.
2024-04-19 12:20:25.695 [info] Tasks: Last sync resource does not exist locally.
2024-04-19 12:20:25.777 [info] Tasks: No changes found during synchronizing tasks.
2024-04-19 12:20:25.780 [info] GlobalState: Last sync resource does not exist locally.
2024-04-19 12:20:26.488 [info] GlobalState: Updated remote ui state. Updated: workbench.activityBar.location.
2024-04-19 12:20:26.494 [info] GlobalState: Updated last synchronized ui state
2024-04-19 12:20:26.496 [info] Extensions: Last sync resource does not exist locally.
2024-04-19 12:20:26.679 [info] Extensions: No changes found during synchronizing extensions.
2024-04-19 12:20:26.681 [info] Profiles: Last sync resource does not exist locally.
2024-04-19 12:20:26.820 [info] Profiles: No changes found during synchronizing profiles.
2024-04-19 12:20:26.858 [info] Sync done. Took 1994ms
