2024-04-19 12:19:15.987 [info] Reading sessions from keychain...
2024-04-19 12:19:15.987 [info] Getting sessions for all scopes...
2024-04-19 12:19:15.987 [info] Getting sessions for all scopes...
2024-04-19 12:19:15.987 [info] Got 0 sessions for ...
2024-04-19 12:19:15.987 [info] Got 0 sessions for ...
2024-04-19 12:19:15.987 [info] Getting sessions for all scopes...
2024-04-19 12:19:15.987 [info] Got 0 sessions for ...
2024-04-19 12:19:15.987 [info] Getting sessions for user:email...
2024-04-19 12:19:15.987 [info] Got 0 sessions for user:email...
2024-04-19 12:19:16.057 [info] Getting sessions for all scopes...
2024-04-19 12:19:16.057 [info] Got 0 sessions for ...
2024-04-19 12:19:17.158 [info] Logging in for the following scopes: user:email
2024-04-19 12:19:17.161 [info] Trying without local server... (user:email)
2024-04-19 12:19:53.177 [info] Exchanging code for token...
2024-04-19 12:19:53.633 [info] Token exchange success!
2024-04-19 12:19:53.635 [info] Getting user info...
2024-04-19 12:19:54.244 [info] Got account info!
2024-04-19 12:19:54.245 [info] Storing 1 sessions...
2024-04-19 12:20:05.056 [info] Reading sessions from keychain...
2024-04-19 12:20:05.056 [info] Stored 1 sessions!
2024-04-19 12:20:05.057 [info] Login success!
2024-04-19 12:20:05.096 [info] Getting sessions for user:email...
2024-04-19 12:20:05.096 [info] Got stored sessions!
2024-04-19 12:20:05.096 [info] Got 1 verified sessions.
2024-04-19 12:20:05.096 [info] Got 1 sessions for user:email...
