2024-04-19 12:20:57.568 [info] Using settings sync service https://vscode-sync.trafficmanager.net/
2024-04-19 12:20:57.568 [info] Auto Sync is enabled.
2024-04-19 12:20:57.568 [info] Auto Sync: Suspended until auth token is available.
2024-04-19 12:20:57.916 [info] Deleting non existing profile from backup /home/kemer/.config/Code/User/sync/extensions
2024-04-19 12:20:57.994 [info] Auto Sync: Triggered by Interval
2024-04-19 12:20:57.995 [info] Sync started.
2024-04-19 12:20:58.164 [info] Deleting non existing profile from backup /home/kemer/.config/Code/User/sync/globalState
2024-04-19 12:20:58.269 [info] Deleting non existing profile from backup /home/kemer/.config/Code/User/sync/keybindings
2024-04-19 12:20:58.321 [info] Deleting non existing profile from backup /home/kemer/.config/Code/User/sync/profiles
2024-04-19 12:20:58.321 [info] Deleting non existing profile from backup /home/kemer/.config/Code/User/sync/settings
2024-04-19 12:20:58.322 [info] Deleting non existing profile from backup /home/kemer/.config/Code/User/sync/snippets
2024-04-19 12:20:58.322 [info] Deleting non existing profile from backup /home/kemer/.config/Code/User/sync/tasks
2024-04-19 12:20:58.352 [info] Settings: Last sync resource does not exist locally.
2024-04-19 12:20:58.557 [info] Settings: No changes found during synchronizing settings.
2024-04-19 12:20:58.575 [info] Keybindings: Last sync resource does not exist locally.
2024-04-19 12:20:58.702 [info] Keybindings: No changes found during synchronizing keybindings.
2024-04-19 12:20:58.703 [info] Snippets: Last sync resource does not exist locally.
2024-04-19 12:20:58.784 [info] Snippets: No changes found during synchronizing snippets.
2024-04-19 12:20:58.785 [info] Tasks: Last sync resource does not exist locally.
2024-04-19 12:20:58.877 [info] Tasks: No changes found during synchronizing tasks.
2024-04-19 12:20:58.879 [info] GlobalState: Last sync resource does not exist locally.
2024-04-19 12:20:59.025 [info] GlobalState: No changes found during synchronizing ui state.
2024-04-19 12:20:59.027 [info] Extensions: Last sync resource does not exist locally.
2024-04-19 12:20:59.219 [info] Extensions: No changes found during synchronizing extensions.
2024-04-19 12:20:59.220 [info] Profiles: Last sync resource does not exist locally.
2024-04-19 12:20:59.295 [info] Profiles: No changes found during synchronizing profiles.
2024-04-19 12:20:59.297 [info] Sync done. Took 1303ms
2024-04-19 12:22:38.971 [info] Auto Sync: Triggered by Activity
2024-04-19 12:22:38.971 [info] Sync started.
2024-04-19 12:22:39.070 [info] Settings: No changes found during synchronizing settings.
2024-04-19 12:22:39.076 [info] Keybindings: No changes found during synchronizing keybindings.
2024-04-19 12:22:39.080 [info] Snippets: No changes found during synchronizing snippets.
2024-04-19 12:22:39.085 [info] Tasks: No changes found during synchronizing tasks.
2024-04-19 12:22:39.090 [info] GlobalState: No changes found during synchronizing ui state.
2024-04-19 12:22:39.184 [info] Extensions: No changes found during synchronizing extensions.
2024-04-19 12:22:39.186 [info] Profiles: No changes found during synchronizing profiles.
2024-04-19 12:22:39.188 [info] Sync done. Took 218ms
2024-04-19 12:22:51.412 [info] Auto Sync: Triggered by Activity
2024-04-19 12:22:51.412 [info] Sync started.
2024-04-19 12:22:51.499 [info] Settings: No changes found during synchronizing settings.
2024-04-19 12:22:51.503 [info] Keybindings: No changes found during synchronizing keybindings.
2024-04-19 12:22:51.506 [info] Snippets: No changes found during synchronizing snippets.
2024-04-19 12:22:51.509 [info] Tasks: No changes found during synchronizing tasks.
2024-04-19 12:22:51.513 [info] GlobalState: No changes found during synchronizing ui state.
2024-04-19 12:22:51.610 [info] Extensions: No changes found during synchronizing extensions.
2024-04-19 12:22:51.611 [info] Profiles: No changes found during synchronizing profiles.
2024-04-19 12:22:51.612 [info] Sync done. Took 200ms
2024-04-19 12:23:07.818 [info] Auto Sync: Triggered by Activity
2024-04-19 12:23:07.819 [info] Sync started.
2024-04-19 12:23:07.907 [info] Settings: No changes found during synchronizing settings.
2024-04-19 12:23:07.910 [info] Keybindings: No changes found during synchronizing keybindings.
2024-04-19 12:23:07.914 [info] Snippets: No changes found during synchronizing snippets.
2024-04-19 12:23:07.917 [info] Tasks: No changes found during synchronizing tasks.
2024-04-19 12:23:08.598 [info] GlobalState: Updated remote ui state. Added: workbench.view.extension.test.state.hidden.
2024-04-19 12:23:08.608 [info] GlobalState: Updated last synchronized ui state
2024-04-19 12:23:08.709 [info] Extensions: No changes found during synchronizing extensions.
2024-04-19 12:23:08.713 [info] Profiles: No changes found during synchronizing profiles.
2024-04-19 12:23:08.714 [info] Sync done. Took 896ms
2024-04-19 12:23:54.685 [info] Auto Sync: Triggered by Activity
2024-04-19 12:23:54.685 [info] Sync started.
2024-04-19 12:23:54.756 [info] Settings: No changes found during synchronizing settings.
2024-04-19 12:23:54.759 [info] Keybindings: No changes found during synchronizing keybindings.
2024-04-19 12:23:54.762 [info] Snippets: No changes found during synchronizing snippets.
2024-04-19 12:23:54.766 [info] Tasks: No changes found during synchronizing tasks.
2024-04-19 12:23:54.769 [info] GlobalState: No changes found during synchronizing ui state.
2024-04-19 12:23:54.839 [info] Extensions: No changes found during synchronizing extensions.
2024-04-19 12:23:54.840 [info] Profiles: No changes found during synchronizing profiles.
2024-04-19 12:23:54.842 [info] Sync done. Took 157ms
2024-04-19 12:24:08.877 [info] Auto Sync: Triggered by Activity
2024-04-19 12:24:08.877 [info] Sync started.
2024-04-19 12:24:08.981 [info] Settings: No changes found during synchronizing settings.
2024-04-19 12:24:08.984 [info] Keybindings: No changes found during synchronizing keybindings.
2024-04-19 12:24:08.988 [info] Snippets: No changes found during synchronizing snippets.
2024-04-19 12:24:08.990 [info] Tasks: No changes found during synchronizing tasks.
2024-04-19 12:24:09.513 [info] GlobalState: Updated remote ui state. Updated: colorThemeData.
2024-04-19 12:24:09.521 [info] GlobalState: Updated last synchronized ui state
2024-04-19 12:24:10.037 [info] Extensions: Updated remote extensions. Added: ["dracula-theme.theme-dracula"].
2024-04-19 12:24:10.046 [info] Extensions: Updated last synchronized extensions.
2024-04-19 12:24:10.050 [info] Profiles: No changes found during synchronizing profiles.
2024-04-19 12:24:10.053 [info] Sync done. Took 1175ms
2024-04-19 12:24:13.071 [info] Auto Sync: Triggered by Activity
2024-04-19 12:24:13.071 [info] Sync started.
2024-04-19 12:24:13.517 [info] Settings: Updated remote settings
2024-04-19 12:24:13.525 [info] Settings: Updated last synchronized settings
2024-04-19 12:24:13.528 [info] Keybindings: No changes found during synchronizing keybindings.
2024-04-19 12:24:13.530 [info] Snippets: No changes found during synchronizing snippets.
2024-04-19 12:24:13.533 [info] Tasks: No changes found during synchronizing tasks.
2024-04-19 12:24:13.535 [info] GlobalState: No changes found during synchronizing ui state.
2024-04-19 12:24:13.585 [info] Extensions: No changes found during synchronizing extensions.
2024-04-19 12:24:13.587 [info] Profiles: No changes found during synchronizing profiles.
2024-04-19 12:24:13.588 [info] Sync done. Took 518ms
2024-04-19 12:24:28.145 [info] Auto Sync: Triggered by Activity
2024-04-19 12:24:28.145 [info] Sync started.
2024-04-19 12:24:28.521 [info] Settings: Updated remote settings
2024-04-19 12:24:28.530 [info] Settings: Updated last synchronized settings
2024-04-19 12:24:28.533 [info] Keybindings: No changes found during synchronizing keybindings.
2024-04-19 12:24:28.535 [info] Snippets: No changes found during synchronizing snippets.
2024-04-19 12:24:28.537 [info] Tasks: No changes found during synchronizing tasks.
2024-04-19 12:24:29.052 [info] GlobalState: Updated remote ui state. Updated: colorThemeData.
2024-04-19 12:24:29.059 [info] GlobalState: Updated last synchronized ui state
2024-04-19 12:24:29.142 [info] Extensions: No changes found during synchronizing extensions.
2024-04-19 12:24:29.143 [info] Profiles: No changes found during synchronizing profiles.
2024-04-19 12:24:29.144 [info] Sync done. Took 999ms
2024-04-19 12:24:40.725 [info] Auto Sync: Triggered by Activity
2024-04-19 12:24:40.725 [info] Sync started.
2024-04-19 12:24:40.805 [info] Settings: No changes found during synchronizing settings.
2024-04-19 12:24:40.809 [info] Keybindings: No changes found during synchronizing keybindings.
2024-04-19 12:24:40.812 [info] Snippets: No changes found during synchronizing snippets.
2024-04-19 12:24:40.815 [info] Tasks: No changes found during synchronizing tasks.
2024-04-19 12:24:41.371 [info] GlobalState: Updated remote ui state. Updated: memento/gettingStartedService.
2024-04-19 12:24:41.380 [info] GlobalState: Updated last synchronized ui state
2024-04-19 12:24:41.462 [info] Extensions: No changes found during synchronizing extensions.
2024-04-19 12:24:41.464 [info] Profiles: No changes found during synchronizing profiles.
2024-04-19 12:24:41.466 [info] Sync done. Took 742ms
2024-04-19 12:24:59.723 [info] Auto Sync: Triggered by Activity
2024-04-19 12:24:59.723 [info] Sync started.
2024-04-19 12:25:00.150 [info] Settings: Updated remote settings
2024-04-19 12:25:00.158 [info] Settings: Updated last synchronized settings
2024-04-19 12:25:00.160 [info] Keybindings: No changes found during synchronizing keybindings.
2024-04-19 12:25:00.162 [info] Snippets: No changes found during synchronizing snippets.
2024-04-19 12:25:00.166 [info] Tasks: No changes found during synchronizing tasks.
2024-04-19 12:25:00.722 [info] GlobalState: Updated remote ui state. Updated: colorThemeData.
2024-04-19 12:25:00.732 [info] GlobalState: Updated last synchronized ui state
2024-04-19 12:25:00.830 [info] Extensions: No changes found during synchronizing extensions.
2024-04-19 12:25:00.832 [info] Profiles: No changes found during synchronizing profiles.
2024-04-19 12:25:00.834 [info] Sync done. Took 1112ms
2024-04-19 12:25:13.686 [info] Auto Sync: Triggered by Activity
2024-04-19 12:25:13.686 [info] Sync started.
2024-04-19 12:25:13.773 [info] Settings: No changes found during synchronizing settings.
2024-04-19 12:25:13.776 [info] Keybindings: No changes found during synchronizing keybindings.
2024-04-19 12:25:13.781 [info] Snippets: No changes found during synchronizing snippets.
2024-04-19 12:25:13.784 [info] Tasks: No changes found during synchronizing tasks.
2024-04-19 12:25:14.441 [info] GlobalState: Updated remote ui state. Updated: memento/gettingStartedService.
2024-04-19 12:25:14.449 [info] GlobalState: Updated last synchronized ui state
2024-04-19 12:25:14.517 [info] Extensions: No changes found during synchronizing extensions.
2024-04-19 12:25:14.518 [info] Profiles: No changes found during synchronizing profiles.
2024-04-19 12:25:14.519 [info] Sync done. Took 833ms
2024-04-19 12:26:15.893 [info] Auto Sync: Triggered by Activity
2024-04-19 12:26:15.893 [info] Sync started.
2024-04-19 12:26:15.982 [info] Settings: No changes found during synchronizing settings.
2024-04-19 12:26:15.987 [info] Keybindings: No changes found during synchronizing keybindings.
2024-04-19 12:26:15.991 [info] Snippets: No changes found during synchronizing snippets.
2024-04-19 12:26:15.994 [info] Tasks: No changes found during synchronizing tasks.
2024-04-19 12:26:15.999 [info] GlobalState: No changes found during synchronizing ui state.
2024-04-19 12:26:16.084 [info] Extensions: No changes found during synchronizing extensions.
2024-04-19 12:26:16.085 [info] Profiles: No changes found during synchronizing profiles.
2024-04-19 12:26:16.085 [info] Sync done. Took 193ms
2024-04-19 12:26:45.490 [info] Auto Sync: Triggered by Activity
2024-04-19 12:26:45.491 [info] Sync started.
2024-04-19 12:26:45.573 [info] Settings: No changes found during synchronizing settings.
2024-04-19 12:26:45.578 [info] Keybindings: No changes found during synchronizing keybindings.
2024-04-19 12:26:45.583 [info] Snippets: No changes found during synchronizing snippets.
2024-04-19 12:26:45.587 [info] Tasks: No changes found during synchronizing tasks.
2024-04-19 12:26:45.593 [info] GlobalState: No changes found during synchronizing ui state.
2024-04-19 12:26:45.679 [info] Extensions: No changes found during synchronizing extensions.
2024-04-19 12:26:45.680 [info] Profiles: No changes found during synchronizing profiles.
2024-04-19 12:26:45.682 [info] Sync done. Took 192ms
2024-04-19 12:27:04.617 [info] Auto Sync: Triggered by Activity
2024-04-19 12:27:04.617 [info] Sync started.
2024-04-19 12:27:04.701 [info] Settings: No changes found during synchronizing settings.
2024-04-19 12:27:04.705 [info] Keybindings: No changes found during synchronizing keybindings.
2024-04-19 12:27:04.709 [info] Snippets: No changes found during synchronizing snippets.
2024-04-19 12:27:04.712 [info] Tasks: No changes found during synchronizing tasks.
2024-04-19 12:27:04.716 [info] GlobalState: No changes found during synchronizing ui state.
2024-04-19 12:27:04.810 [info] Extensions: No changes found during synchronizing extensions.
2024-04-19 12:27:04.812 [info] Profiles: No changes found during synchronizing profiles.
2024-04-19 12:27:04.813 [info] Sync done. Took 197ms
2024-04-19 12:29:07.065 [info] Auto Sync: Triggered by Activity
2024-04-19 12:29:07.065 [info] Sync started.
2024-04-19 12:29:07.160 [info] Settings: No changes found during synchronizing settings.
2024-04-19 12:29:07.165 [info] Keybindings: No changes found during synchronizing keybindings.
2024-04-19 12:29:07.168 [info] Snippets: No changes found during synchronizing snippets.
2024-04-19 12:29:07.171 [info] Tasks: No changes found during synchronizing tasks.
2024-04-19 12:29:07.911 [info] GlobalState: Updated remote ui state. Updated: memento/gettingStartedService.
2024-04-19 12:29:07.917 [info] GlobalState: Updated last synchronized ui state
2024-04-19 12:29:08.006 [info] Extensions: No changes found during synchronizing extensions.
2024-04-19 12:29:08.008 [info] Profiles: No changes found during synchronizing profiles.
2024-04-19 12:29:08.008 [info] Sync done. Took 944ms
2024-04-19 12:29:41.007 [info] Auto Sync: Triggered by Activity
2024-04-19 12:29:41.007 [info] Sync started.
2024-04-19 12:29:41.395 [info] Settings: Updated remote settings
2024-04-19 12:29:41.402 [info] Settings: Updated last synchronized settings
2024-04-19 12:29:41.405 [info] Keybindings: No changes found during synchronizing keybindings.
2024-04-19 12:29:41.408 [info] Snippets: No changes found during synchronizing snippets.
2024-04-19 12:29:41.411 [info] Tasks: No changes found during synchronizing tasks.
2024-04-19 12:29:41.415 [info] GlobalState: No changes found during synchronizing ui state.
2024-04-19 12:29:41.498 [info] Extensions: No changes found during synchronizing extensions.
2024-04-19 12:29:41.499 [info] Profiles: No changes found during synchronizing profiles.
2024-04-19 12:29:41.500 [info] Sync done. Took 493ms
