2024-04-19 12:20:57.984 [info] Reading sessions from keychain...
2024-04-19 12:20:57.984 [info] Getting sessions for all scopes...
2024-04-19 12:20:57.984 [info] Got stored sessions!
2024-04-19 12:20:57.984 [info] Got 1 verified sessions.
2024-04-19 12:20:57.984 [info] Got 1 sessions for ...
2024-04-19 12:20:57.984 [info] Getting sessions for user:email...
2024-04-19 12:20:57.984 [info] Got 1 sessions for user:email...
2024-04-19 12:20:58.010 [info] Getting sessions for all scopes...
2024-04-19 12:20:58.010 [info] Got 1 sessions for ...
2024-04-19 12:22:55.560 [info] Reading sessions from keychain...
2024-04-19 12:22:55.560 [info] Getting sessions for all scopes...
2024-04-19 12:22:55.560 [info] Getting sessions for all scopes...
2024-04-19 12:22:55.560 [info] Getting sessions for user:email...
2024-04-19 12:22:55.565 [info] Got stored sessions!
2024-04-19 12:22:55.566 [info] Got 1 verified sessions.
2024-04-19 12:22:55.566 [info] Got 1 sessions for ...
2024-04-19 12:22:55.566 [info] Got 1 sessions for ...
2024-04-19 12:22:55.566 [info] Got 1 sessions for user:email...
2024-04-19 12:22:55.568 [info] Getting sessions for all scopes...
2024-04-19 12:22:55.568 [info] Got 1 sessions for ...
